<?xml version="1.0" encoding="UTF-8"?>
<testsuites>
  <testsuite name="" tests="17" assertions="34" errors="0" warnings="0" failures="0" skipped="0" time="0.145472">
    <testsuite name="CodeIgniter Application Test Suite" tests="17" assertions="34" errors="0" warnings="0" failures="0" skipped="0" time="0.145472">
      <testsuite name="Customer_model_test" file="/Users/galuhramadhan/personal_projects/rest-api-laundria/application/tests/models/Customer_model_test.php" tests="6" assertions="11" errors="0" warnings="0" failures="0" skipped="0" time="0.057918">
        <testcase name="test_get_total_all_data" class="Customer_model_test" classname="Customer_model_test" file="/Users/galuhramadhan/personal_projects/rest-api-laundria/application/tests/models/Customer_model_test.php" line="11" assertions="2" time="0.017548"/>
        <testcase name="test_get_all_data" class="Customer_model_test" classname="Customer_model_test" file="/Users/galuhramadhan/personal_projects/rest-api-laundria/application/tests/models/Customer_model_test.php" line="20" assertions="4" time="0.009482"/>
        <testcase name="test_insert_data" class="Customer_model_test" classname="Customer_model_test" file="/Users/galuhramadhan/personal_projects/rest-api-laundria/application/tests/models/Customer_model_test.php" line="39" assertions="2" time="0.010517"/>
        <testcase name="test_update_data" class="Customer_model_test" classname="Customer_model_test" file="/Users/galuhramadhan/personal_projects/rest-api-laundria/application/tests/models/Customer_model_test.php" line="55" assertions="1" time="0.007216"/>
        <testcase name="test_delete_data" class="Customer_model_test" classname="Customer_model_test" file="/Users/galuhramadhan/personal_projects/rest-api-laundria/application/tests/models/Customer_model_test.php" line="71" assertions="1" time="0.006493"/>
        <testcase name="test_get_one_data_by" class="Customer_model_test" classname="Customer_model_test" file="/Users/galuhramadhan/personal_projects/rest-api-laundria/application/tests/models/Customer_model_test.php" line="79" assertions="1" time="0.006661"/>
      </testsuite>
      <testsuite name="Laundry_package_model_test" file="/Users/galuhramadhan/personal_projects/rest-api-laundria/application/tests/models/Laundry_package_model_test.php" tests="5" assertions="11" errors="0" warnings="0" failures="0" skipped="0" time="0.037704">
        <testcase name="test_get_total_all_data" class="Laundry_package_model_test" classname="Laundry_package_model_test" file="/Users/galuhramadhan/personal_projects/rest-api-laundria/application/tests/models/Laundry_package_model_test.php" line="11" assertions="2" time="0.006948"/>
        <testcase name="test_get_all_data" class="Laundry_package_model_test" classname="Laundry_package_model_test" file="/Users/galuhramadhan/personal_projects/rest-api-laundria/application/tests/models/Laundry_package_model_test.php" line="20" assertions="4" time="0.008153"/>
        <testcase name="test_get_one_data_by" class="Laundry_package_model_test" classname="Laundry_package_model_test" file="/Users/galuhramadhan/personal_projects/rest-api-laundria/application/tests/models/Laundry_package_model_test.php" line="39" assertions="2" time="0.006521"/>
        <testcase name="test_insert_data" class="Laundry_package_model_test" classname="Laundry_package_model_test" file="/Users/galuhramadhan/personal_projects/rest-api-laundria/application/tests/models/Laundry_package_model_test.php" line="50" assertions="2" time="0.009415"/>
        <testcase name="test_update_data" class="Laundry_package_model_test" classname="Laundry_package_model_test" file="/Users/galuhramadhan/personal_projects/rest-api-laundria/application/tests/models/Laundry_package_model_test.php" line="65" assertions="1" time="0.006668"/>
      </testsuite>
      <testsuite name="Payment_type_model_test" file="/Users/galuhramadhan/personal_projects/rest-api-laundria/application/tests/models/Payment_type_model_test.php" tests="5" assertions="11" errors="0" warnings="0" failures="0" skipped="0" time="0.038681">
        <testcase name="test_get_total_all_data" class="Payment_type_model_test" classname="Payment_type_model_test" file="/Users/galuhramadhan/personal_projects/rest-api-laundria/application/tests/models/Payment_type_model_test.php" line="11" assertions="2" time="0.007166"/>
        <testcase name="test_get_all_data" class="Payment_type_model_test" classname="Payment_type_model_test" file="/Users/galuhramadhan/personal_projects/rest-api-laundria/application/tests/models/Payment_type_model_test.php" line="20" assertions="4" time="0.007845"/>
        <testcase name="test_get_one_data_by" class="Payment_type_model_test" classname="Payment_type_model_test" file="/Users/galuhramadhan/personal_projects/rest-api-laundria/application/tests/models/Payment_type_model_test.php" line="39" assertions="2" time="0.006603"/>
        <testcase name="test_insert_data" class="Payment_type_model_test" classname="Payment_type_model_test" file="/Users/galuhramadhan/personal_projects/rest-api-laundria/application/tests/models/Payment_type_model_test.php" line="50" assertions="2" time="0.008204"/>
        <testcase name="test_update_data" class="Payment_type_model_test" classname="Payment_type_model_test" file="/Users/galuhramadhan/personal_projects/rest-api-laundria/application/tests/models/Payment_type_model_test.php" line="64" assertions="1" time="0.008862"/>
      </testsuite>
      <testsuite name="CustomerService_test" file="/Users/galuhramadhan/personal_projects/rest-api-laundria/application/tests/services/CustomerService_test.php" tests="1" assertions="1" errors="0" warnings="0" failures="0" skipped="0" time="0.011169">
        <testcase name="test_find_all" class="CustomerService_test" classname="CustomerService_test" file="/Users/galuhramadhan/personal_projects/rest-api-laundria/application/tests/services/CustomerService_test.php" line="15" assertions="1" time="0.011169"/>
      </testsuite>
    </testsuite>
  </testsuite>
</testsuites>
