<?xml version="1.0" encoding="UTF-8"?>
<testsuites>
  <testsuite name="" tests="2" assertions="2" errors="0" warnings="0" failures="0" skipped="0" time="0.050519">
    <testsuite name="CodeIgniter Application Test Suite" tests="2" assertions="2" errors="0" warnings="0" failures="0" skipped="0" time="0.050519">
      <testsuite name="Customer_model_test" file="/Users/admin/personal_projects/rest-api-laundria/application/tests/models/Customer_model_test.php" tests="1" assertions="1" errors="0" warnings="0" failures="0" skipped="0" time="0.041421">
        <testcase name="test_count_data" class="Customer_model_test" classname="Customer_model_test" file="/Users/admin/personal_projects/rest-api-laundria/application/tests/models/Customer_model_test.php" line="19" assertions="1" time="0.041421"/>
      </testsuite>
      <testsuite name="CustomerService_test" file="/Users/admin/personal_projects/rest-api-laundria/application/tests/services/CustomerService_test.php" tests="1" assertions="1" errors="0" warnings="0" failures="0" skipped="0" time="0.009098">
        <testcase name="test_find_all" class="CustomerService_test" classname="CustomerService_test" file="/Users/admin/personal_projects/rest-api-laundria/application/tests/services/CustomerService_test.php" line="15" assertions="1" time="0.009098"/>
      </testsuite>
    </testsuite>
  </testsuite>
</testsuites>
