<?xml version="1.0" encoding="UTF-8"?>
<testsuites>
  <testsuite name="" tests="14" assertions="29" errors="0" warnings="0" failures="0" skipped="0" time="0.124095">
    <testsuite name="CodeIgniter Application Test Suite" tests="14" assertions="29" errors="0" warnings="0" failures="0" skipped="0" time="0.124095">
      <testsuite name="Customer_model_test" file="/Users/galuhramadhan/personal_projects/rest-api-laundria/application/tests/models/Customer_model_test.php" tests="6" assertions="11" errors="0" warnings="0" failures="0" skipped="0" time="0.059036">
        <testcase name="test_get_total_all_data" class="Customer_model_test" classname="Customer_model_test" file="/Users/galuhramadhan/personal_projects/rest-api-laundria/application/tests/models/Customer_model_test.php" line="11" assertions="2" time="0.017868"/>
        <testcase name="test_get_all_data" class="Customer_model_test" classname="Customer_model_test" file="/Users/galuhramadhan/personal_projects/rest-api-laundria/application/tests/models/Customer_model_test.php" line="20" assertions="4" time="0.010094"/>
        <testcase name="test_insert_data" class="Customer_model_test" classname="Customer_model_test" file="/Users/galuhramadhan/personal_projects/rest-api-laundria/application/tests/models/Customer_model_test.php" line="39" assertions="2" time="0.010701"/>
        <testcase name="test_update_data" class="Customer_model_test" classname="Customer_model_test" file="/Users/galuhramadhan/personal_projects/rest-api-laundria/application/tests/models/Customer_model_test.php" line="55" assertions="1" time="0.007168"/>
        <testcase name="test_delete_data" class="Customer_model_test" classname="Customer_model_test" file="/Users/galuhramadhan/personal_projects/rest-api-laundria/application/tests/models/Customer_model_test.php" line="71" assertions="1" time="0.006630"/>
        <testcase name="test_get_one_data_by" class="Customer_model_test" classname="Customer_model_test" file="/Users/galuhramadhan/personal_projects/rest-api-laundria/application/tests/models/Customer_model_test.php" line="79" assertions="1" time="0.006575"/>
      </testsuite>
      <testsuite name="Laundry_package_model_test" file="/Users/galuhramadhan/personal_projects/rest-api-laundria/application/tests/models/Laundry_package_model_test.php" tests="5" assertions="11" errors="0" warnings="0" failures="0" skipped="0" time="0.038348">
        <testcase name="test_get_total_all_data" class="Laundry_package_model_test" classname="Laundry_package_model_test" file="/Users/galuhramadhan/personal_projects/rest-api-laundria/application/tests/models/Laundry_package_model_test.php" line="11" assertions="2" time="0.006878"/>
        <testcase name="test_get_all_data" class="Laundry_package_model_test" classname="Laundry_package_model_test" file="/Users/galuhramadhan/personal_projects/rest-api-laundria/application/tests/models/Laundry_package_model_test.php" line="20" assertions="4" time="0.008306"/>
        <testcase name="test_get_one_data_by" class="Laundry_package_model_test" classname="Laundry_package_model_test" file="/Users/galuhramadhan/personal_projects/rest-api-laundria/application/tests/models/Laundry_package_model_test.php" line="39" assertions="2" time="0.006689"/>
        <testcase name="test_insert_data" class="Laundry_package_model_test" classname="Laundry_package_model_test" file="/Users/galuhramadhan/personal_projects/rest-api-laundria/application/tests/models/Laundry_package_model_test.php" line="50" assertions="2" time="0.009735"/>
        <testcase name="test_update_data" class="Laundry_package_model_test" classname="Laundry_package_model_test" file="/Users/galuhramadhan/personal_projects/rest-api-laundria/application/tests/models/Laundry_package_model_test.php" line="65" assertions="1" time="0.006740"/>
      </testsuite>
      <testsuite name="Payment_type_model_test" file="/Users/galuhramadhan/personal_projects/rest-api-laundria/application/tests/models/Payment_type_model_test.php" tests="2" assertions="6" errors="0" warnings="0" failures="0" skipped="0" time="0.015261">
        <testcase name="test_get_total_all_data" class="Payment_type_model_test" classname="Payment_type_model_test" file="/Users/galuhramadhan/personal_projects/rest-api-laundria/application/tests/models/Payment_type_model_test.php" line="11" assertions="2" time="0.007411"/>
        <testcase name="test_get_all_data" class="Payment_type_model_test" classname="Payment_type_model_test" file="/Users/galuhramadhan/personal_projects/rest-api-laundria/application/tests/models/Payment_type_model_test.php" line="20" assertions="4" time="0.007850"/>
      </testsuite>
      <testsuite name="CustomerService_test" file="/Users/galuhramadhan/personal_projects/rest-api-laundria/application/tests/services/CustomerService_test.php" tests="1" assertions="1" errors="0" warnings="0" failures="0" skipped="0" time="0.011451">
        <testcase name="test_find_all" class="CustomerService_test" classname="CustomerService_test" file="/Users/galuhramadhan/personal_projects/rest-api-laundria/application/tests/services/CustomerService_test.php" line="15" assertions="1" time="0.011451"/>
      </testsuite>
    </testsuite>
  </testsuite>
</testsuites>
