<?xml version="1.0" encoding="UTF-8"?>
<testsuites>
  <testsuite name="" tests="13" assertions="25" errors="0" warnings="0" failures="0" skipped="0" time="0.121136">
    <testsuite name="CodeIgniter Application Test Suite" tests="13" assertions="25" errors="0" warnings="0" failures="0" skipped="0" time="0.121136">
      <testsuite name="Customer_model_test" file="/Users/galuhramadhan/personal_projects/rest-api-laundria/application/tests/models/Customer_model_test.php" tests="6" assertions="11" errors="0" warnings="0" failures="0" skipped="0" time="0.062380">
        <testcase name="test_get_total_all_data" class="Customer_model_test" classname="Customer_model_test" file="/Users/galuhramadhan/personal_projects/rest-api-laundria/application/tests/models/Customer_model_test.php" line="11" assertions="2" time="0.020951"/>
        <testcase name="test_get_all_data" class="Customer_model_test" classname="Customer_model_test" file="/Users/galuhramadhan/personal_projects/rest-api-laundria/application/tests/models/Customer_model_test.php" line="20" assertions="4" time="0.009608"/>
        <testcase name="test_insert_data" class="Customer_model_test" classname="Customer_model_test" file="/Users/galuhramadhan/personal_projects/rest-api-laundria/application/tests/models/Customer_model_test.php" line="39" assertions="2" time="0.011481"/>
        <testcase name="test_update_data" class="Customer_model_test" classname="Customer_model_test" file="/Users/galuhramadhan/personal_projects/rest-api-laundria/application/tests/models/Customer_model_test.php" line="55" assertions="1" time="0.007240"/>
        <testcase name="test_delete_data" class="Customer_model_test" classname="Customer_model_test" file="/Users/galuhramadhan/personal_projects/rest-api-laundria/application/tests/models/Customer_model_test.php" line="71" assertions="1" time="0.006737"/>
        <testcase name="test_get_one_data_by" class="Customer_model_test" classname="Customer_model_test" file="/Users/galuhramadhan/personal_projects/rest-api-laundria/application/tests/models/Customer_model_test.php" line="79" assertions="1" time="0.006362"/>
      </testsuite>
      <testsuite name="Laundry_package_model_test" file="/Users/galuhramadhan/personal_projects/rest-api-laundria/application/tests/models/Laundry_package_model_test.php" tests="5" assertions="11" errors="0" warnings="0" failures="0" skipped="0" time="0.038248">
        <testcase name="test_get_total_all_data" class="Laundry_package_model_test" classname="Laundry_package_model_test" file="/Users/galuhramadhan/personal_projects/rest-api-laundria/application/tests/models/Laundry_package_model_test.php" line="11" assertions="2" time="0.007272"/>
        <testcase name="test_get_all_data" class="Laundry_package_model_test" classname="Laundry_package_model_test" file="/Users/galuhramadhan/personal_projects/rest-api-laundria/application/tests/models/Laundry_package_model_test.php" line="20" assertions="4" time="0.008788"/>
        <testcase name="test_get_one_data_by" class="Laundry_package_model_test" classname="Laundry_package_model_test" file="/Users/galuhramadhan/personal_projects/rest-api-laundria/application/tests/models/Laundry_package_model_test.php" line="39" assertions="2" time="0.006482"/>
        <testcase name="test_insert_data" class="Laundry_package_model_test" classname="Laundry_package_model_test" file="/Users/galuhramadhan/personal_projects/rest-api-laundria/application/tests/models/Laundry_package_model_test.php" line="50" assertions="2" time="0.009050"/>
        <testcase name="test_update_data" class="Laundry_package_model_test" classname="Laundry_package_model_test" file="/Users/galuhramadhan/personal_projects/rest-api-laundria/application/tests/models/Laundry_package_model_test.php" line="65" assertions="1" time="0.006657"/>
      </testsuite>
      <testsuite name="Payment_type_model_test" file="/Users/galuhramadhan/personal_projects/rest-api-laundria/application/tests/models/Payment_type_model_test.php" tests="1" assertions="2" errors="0" warnings="0" failures="0" skipped="0" time="0.007480">
        <testcase name="test_get_total_all_data" class="Payment_type_model_test" classname="Payment_type_model_test" file="/Users/galuhramadhan/personal_projects/rest-api-laundria/application/tests/models/Payment_type_model_test.php" line="11" assertions="2" time="0.007480"/>
      </testsuite>
      <testsuite name="CustomerService_test" file="/Users/galuhramadhan/personal_projects/rest-api-laundria/application/tests/services/CustomerService_test.php" tests="1" assertions="1" errors="0" warnings="0" failures="0" skipped="0" time="0.013028">
        <testcase name="test_find_all" class="CustomerService_test" classname="CustomerService_test" file="/Users/galuhramadhan/personal_projects/rest-api-laundria/application/tests/services/CustomerService_test.php" line="15" assertions="1" time="0.013028"/>
      </testsuite>
    </testsuite>
  </testsuite>
</testsuites>
