<?xml version="1.0" encoding="UTF-8"?>
<testsuites>
  <testsuite name="" tests="11" assertions="22" errors="0" warnings="0" failures="0" skipped="0" time="0.063937">
    <testsuite name="CodeIgniter Application Test Suite" tests="11" assertions="22" errors="0" warnings="0" failures="0" skipped="0" time="0.063937">
      <testsuite name="Customer_model_test" file="/Users/galuhramadhan/personal_projects/rest-api-laundria/application/tests/models/Customer_model_test.php" tests="6" assertions="11" errors="0" warnings="0" failures="0" skipped="0" time="0.036677">
        <testcase name="test_get_total_all_data" class="Customer_model_test" classname="Customer_model_test" file="/Users/galuhramadhan/personal_projects/rest-api-laundria/application/tests/models/Customer_model_test.php" line="11" assertions="2" time="0.011375"/>
        <testcase name="test_get_all_data" class="Customer_model_test" classname="Customer_model_test" file="/Users/galuhramadhan/personal_projects/rest-api-laundria/application/tests/models/Customer_model_test.php" line="20" assertions="4" time="0.006603"/>
        <testcase name="test_insert_data" class="Customer_model_test" classname="Customer_model_test" file="/Users/galuhramadhan/personal_projects/rest-api-laundria/application/tests/models/Customer_model_test.php" line="39" assertions="2" time="0.006135"/>
        <testcase name="test_update_data" class="Customer_model_test" classname="Customer_model_test" file="/Users/galuhramadhan/personal_projects/rest-api-laundria/application/tests/models/Customer_model_test.php" line="55" assertions="1" time="0.004467"/>
        <testcase name="test_delete_data" class="Customer_model_test" classname="Customer_model_test" file="/Users/galuhramadhan/personal_projects/rest-api-laundria/application/tests/models/Customer_model_test.php" line="71" assertions="1" time="0.004046"/>
        <testcase name="test_get_one_data_by" class="Customer_model_test" classname="Customer_model_test" file="/Users/galuhramadhan/personal_projects/rest-api-laundria/application/tests/models/Customer_model_test.php" line="79" assertions="1" time="0.004051"/>
      </testsuite>
      <testsuite name="Laundry_package_model_test" file="/Users/galuhramadhan/personal_projects/rest-api-laundria/application/tests/models/Laundry_package_model_test.php" tests="4" assertions="10" errors="0" warnings="0" failures="0" skipped="0" time="0.020218">
        <testcase name="test_get_total_all_data" class="Laundry_package_model_test" classname="Laundry_package_model_test" file="/Users/galuhramadhan/personal_projects/rest-api-laundria/application/tests/models/Laundry_package_model_test.php" line="11" assertions="2" time="0.004288"/>
        <testcase name="test_get_all_data" class="Laundry_package_model_test" classname="Laundry_package_model_test" file="/Users/galuhramadhan/personal_projects/rest-api-laundria/application/tests/models/Laundry_package_model_test.php" line="20" assertions="4" time="0.005393"/>
        <testcase name="test_get_one_data_by" class="Laundry_package_model_test" classname="Laundry_package_model_test" file="/Users/galuhramadhan/personal_projects/rest-api-laundria/application/tests/models/Laundry_package_model_test.php" line="39" assertions="2" time="0.004469"/>
        <testcase name="test_insert_data" class="Laundry_package_model_test" classname="Laundry_package_model_test" file="/Users/galuhramadhan/personal_projects/rest-api-laundria/application/tests/models/Laundry_package_model_test.php" line="50" assertions="2" time="0.006068"/>
      </testsuite>
      <testsuite name="CustomerService_test" file="/Users/galuhramadhan/personal_projects/rest-api-laundria/application/tests/services/CustomerService_test.php" tests="1" assertions="1" errors="0" warnings="0" failures="0" skipped="0" time="0.007042">
        <testcase name="test_find_all" class="CustomerService_test" classname="CustomerService_test" file="/Users/galuhramadhan/personal_projects/rest-api-laundria/application/tests/services/CustomerService_test.php" line="15" assertions="1" time="0.007042"/>
      </testsuite>
    </testsuite>
  </testsuite>
</testsuites>
