<?xml version="1.0" encoding="UTF-8"?>
<testsuites>
  <testsuite name="" tests="20" assertions="45" errors="0" warnings="0" failures="0" skipped="0" time="0.173893">
    <testsuite name="CodeIgniter Application Test Suite" tests="20" assertions="45" errors="0" warnings="0" failures="0" skipped="0" time="0.173893">
      <testsuite name="Company_profile_model_test" file="/Users/galuhramadhan/personal_projects/rest-api-laundria/application/tests/models/Company_profile_model_test.php" tests="2" assertions="9" errors="0" warnings="0" failures="0" skipped="0" time="0.028886">
        <testcase name="test_get_one_data" class="Company_profile_model_test" classname="Company_profile_model_test" file="/Users/galuhramadhan/personal_projects/rest-api-laundria/application/tests/models/Company_profile_model_test.php" line="11" assertions="1" time="0.015566"/>
        <testcase name="test_update_data" class="Company_profile_model_test" classname="Company_profile_model_test" file="/Users/galuhramadhan/personal_projects/rest-api-laundria/application/tests/models/Company_profile_model_test.php" line="17" assertions="8" time="0.013320"/>
      </testsuite>
      <testsuite name="Customer_model_test" file="/Users/galuhramadhan/personal_projects/rest-api-laundria/application/tests/models/Customer_model_test.php" tests="6" assertions="11" errors="0" warnings="0" failures="0" skipped="0" time="0.045958">
        <testcase name="test_get_total_all_data" class="Customer_model_test" classname="Customer_model_test" file="/Users/galuhramadhan/personal_projects/rest-api-laundria/application/tests/models/Customer_model_test.php" line="11" assertions="2" time="0.007887"/>
        <testcase name="test_get_all_data" class="Customer_model_test" classname="Customer_model_test" file="/Users/galuhramadhan/personal_projects/rest-api-laundria/application/tests/models/Customer_model_test.php" line="20" assertions="4" time="0.008366"/>
        <testcase name="test_insert_data" class="Customer_model_test" classname="Customer_model_test" file="/Users/galuhramadhan/personal_projects/rest-api-laundria/application/tests/models/Customer_model_test.php" line="39" assertions="2" time="0.009286"/>
        <testcase name="test_update_data" class="Customer_model_test" classname="Customer_model_test" file="/Users/galuhramadhan/personal_projects/rest-api-laundria/application/tests/models/Customer_model_test.php" line="55" assertions="1" time="0.007007"/>
        <testcase name="test_delete_data" class="Customer_model_test" classname="Customer_model_test" file="/Users/galuhramadhan/personal_projects/rest-api-laundria/application/tests/models/Customer_model_test.php" line="71" assertions="1" time="0.006563"/>
        <testcase name="test_get_one_data_by" class="Customer_model_test" classname="Customer_model_test" file="/Users/galuhramadhan/personal_projects/rest-api-laundria/application/tests/models/Customer_model_test.php" line="79" assertions="1" time="0.006849"/>
      </testsuite>
      <testsuite name="Employee_model_test" file="/Users/galuhramadhan/personal_projects/rest-api-laundria/application/tests/models/Employee_model_test.php" tests="1" assertions="2" errors="0" warnings="0" failures="0" skipped="0" time="0.008590">
        <testcase name="test_get_one_data_by" class="Employee_model_test" classname="Employee_model_test" file="/Users/galuhramadhan/personal_projects/rest-api-laundria/application/tests/models/Employee_model_test.php" line="11" assertions="2" time="0.008590"/>
      </testsuite>
      <testsuite name="Laundry_package_model_test" file="/Users/galuhramadhan/personal_projects/rest-api-laundria/application/tests/models/Laundry_package_model_test.php" tests="5" assertions="11" errors="0" warnings="0" failures="0" skipped="0" time="0.038424">
        <testcase name="test_get_total_all_data" class="Laundry_package_model_test" classname="Laundry_package_model_test" file="/Users/galuhramadhan/personal_projects/rest-api-laundria/application/tests/models/Laundry_package_model_test.php" line="11" assertions="2" time="0.007499"/>
        <testcase name="test_get_all_data" class="Laundry_package_model_test" classname="Laundry_package_model_test" file="/Users/galuhramadhan/personal_projects/rest-api-laundria/application/tests/models/Laundry_package_model_test.php" line="20" assertions="4" time="0.008146"/>
        <testcase name="test_get_one_data_by" class="Laundry_package_model_test" classname="Laundry_package_model_test" file="/Users/galuhramadhan/personal_projects/rest-api-laundria/application/tests/models/Laundry_package_model_test.php" line="39" assertions="2" time="0.006819"/>
        <testcase name="test_insert_data" class="Laundry_package_model_test" classname="Laundry_package_model_test" file="/Users/galuhramadhan/personal_projects/rest-api-laundria/application/tests/models/Laundry_package_model_test.php" line="50" assertions="2" time="0.008837"/>
        <testcase name="test_update_data" class="Laundry_package_model_test" classname="Laundry_package_model_test" file="/Users/galuhramadhan/personal_projects/rest-api-laundria/application/tests/models/Laundry_package_model_test.php" line="65" assertions="1" time="0.007123"/>
      </testsuite>
      <testsuite name="Payment_type_model_test" file="/Users/galuhramadhan/personal_projects/rest-api-laundria/application/tests/models/Payment_type_model_test.php" tests="5" assertions="11" errors="0" warnings="0" failures="0" skipped="0" time="0.039203">
        <testcase name="test_get_total_all_data" class="Payment_type_model_test" classname="Payment_type_model_test" file="/Users/galuhramadhan/personal_projects/rest-api-laundria/application/tests/models/Payment_type_model_test.php" line="11" assertions="2" time="0.006999"/>
        <testcase name="test_get_all_data" class="Payment_type_model_test" classname="Payment_type_model_test" file="/Users/galuhramadhan/personal_projects/rest-api-laundria/application/tests/models/Payment_type_model_test.php" line="20" assertions="4" time="0.007866"/>
        <testcase name="test_get_one_data_by" class="Payment_type_model_test" classname="Payment_type_model_test" file="/Users/galuhramadhan/personal_projects/rest-api-laundria/application/tests/models/Payment_type_model_test.php" line="39" assertions="2" time="0.006612"/>
        <testcase name="test_insert_data" class="Payment_type_model_test" classname="Payment_type_model_test" file="/Users/galuhramadhan/personal_projects/rest-api-laundria/application/tests/models/Payment_type_model_test.php" line="50" assertions="2" time="0.009235"/>
        <testcase name="test_update_data" class="Payment_type_model_test" classname="Payment_type_model_test" file="/Users/galuhramadhan/personal_projects/rest-api-laundria/application/tests/models/Payment_type_model_test.php" line="64" assertions="1" time="0.008491"/>
      </testsuite>
      <testsuite name="CustomerService_test" file="/Users/galuhramadhan/personal_projects/rest-api-laundria/application/tests/services/CustomerService_test.php" tests="1" assertions="1" errors="0" warnings="0" failures="0" skipped="0" time="0.012832">
        <testcase name="test_find_all" class="CustomerService_test" classname="CustomerService_test" file="/Users/galuhramadhan/personal_projects/rest-api-laundria/application/tests/services/CustomerService_test.php" line="15" assertions="1" time="0.012832"/>
      </testsuite>
    </testsuite>
  </testsuite>
</testsuites>
